<?xml version="1.0" encoding="UTF-8"?>
<testsuite xmlns:xsi="http://www.w3.org/2001/XMLSchema-instance" xsi:noNamespaceSchemaLocation="https://maven.apache.org/surefire/maven-surefire-plugin/xsd/surefire-test-report-3.0.xsd" version="3.0" name="TestSuite" time="112.7" tests="2" errors="0" skipped="0" failures="0">
  <properties>
[...]
</properties>
  <testcase name="runScenario[&quot;Search products from Excel&quot;, &quot;Search functionality&quot;](1)" classname="runners.TestRunner" time="52.92">
    <system-out><![CDATA[
Scenario: Search products from Excel         &amp#27;[90m# src/test/resources/features/01_search.feature:3&amp#27;[0m
Edge browser is launched..
Snapdeal is opening..
  &amp#27;[32mGiven &amp#27;[0m&amp#27;[32mUser is on homepage&amp#27;[0m                  &amp#27;[90m# stepdefinitions.SearchSteps.user_home()&amp#27;[0m
Searching for shoes ..
Results page is displayed..
First sugested product is clicked..
Search passed for: shoes

Searching for headphones ..
Results page is displayed..
First sugested product is clicked..
Search passed for: headphones

Searching for mouse ..
Results page is displayed..
First sugested product is clicked..
Search passed for: mouse

  &amp#27;[32mWhen &amp#27;[0m&amp#27;[32mUser searches for products from excel&amp#27;[0m &amp#27;[90m# stepdefinitions.SearchSteps.searchFromExcel()&amp#27;[0m
Browser is Closing..
]]></system-out>
    <system-err><![CDATA[SLF4J(W): No SLF4J providers were found.
SLF4J(W): Defaulting to no-operation (NOP) logger implementation
SLF4J(W): See https://www.slf4j.org/codes.html#noProviders for further details.
Apr 09, 2026 10:37:25 AM org.openqa.selenium.devtools.CdpVersionFinder findNearestMatch
WARNING: Unable to find CDP implementation matching 146
Apr 09, 2026 10:37:25 AM org.openqa.selenium.chromium.ChromiumDriver lambda$new$5
WARNING: Unable to find version of CDP to use for 146.0.3856.109. You may need to include a dependency on a specific version of the CDP using something similar to `org.seleniumhq.selenium:selenium-devtools-v86:4.21.0` where the version ("v86") matches the version of the chromium-based browser you're using and the version number of the artifact is the same as Selenium's.
]]></system-err>
  </testcase>
  <testcase name="runScenario[&quot;Add products from Excel&quot;, &quot;Kids Fashion Cart Flow&quot;](2)" classname="runners.TestRunner" time="58.138">
    <system-out><![CDATA[
Scenario: Add products from Excel               &amp#27;[90m# src/test/resources/features/02_menuCart.feature:3&amp#27;[0m
Edge browser is launched..
Snapdeal is opening..
  &amp#27;[32mGiven &amp#27;[0m&amp#27;[32mUser is on Snapdeal homepage&amp#27;[0m            &amp#27;[90m# stepdefinitions.MenuSteps.openHome()&amp#27;[0m
Running for:: Kid's Fashion : T-Shirts, Tops & Shirts
Hovered on: Kid's Fashion
Clicked on: T-Shirts, Tops & Shirts
Products found: 20
Selected the first product..
Results page is displayed..
Product is added to cart..
Subtotal: Rs. 477
Subtotal amount is validated..
Estimated Total: Rs. 477.0
Estimated total amount is validated..
Cart Count: 1
Cart count is validated..

Running for:: Home & Kitchen : Kitchen Tools
Hovered on: Home & Kitchen
Clicked on: Kitchen Tools
Products found: 20
Selected the first product..
Results page is displayed..
Product is added to cart..
Subtotal: Rs. 95
Subtotal amount is validated..
Estimated Total: Rs. 572.0
Estimated total amount is validated..
Cart Count: 2
Cart count is validated..

Running for:: Books : GATE
Hovered on: Books
Clicked on: GATE
Products found: 17
Selected the first product..
Results page is displayed..
Product is added to cart..
Subtotal: Rs. 760
Subtotal amount is validated..
Estimated Total: Rs. 1332.0
Estimated total amount is validated..
Cart Count: 3
Cart count is validated..

  &amp#27;[32mWhen &amp#27;[0m&amp#27;[32mUser performs menu operations from excel&amp#27;[0m &amp#27;[90m# stepdefinitions.MenuSteps.menuFromExcel()&amp#27;[0m
Browser is Closing..
]]></system-out>
    <system-err><![CDATA[Apr 09, 2026 10:38:17 AM org.openqa.selenium.devtools.CdpVersionFinder findNearestMatch
WARNING: Unable to find CDP implementation matching 146
Apr 09, 2026 10:38:17 AM org.openqa.selenium.chromium.ChromiumDriver lambda$new$5
WARNING: Unable to find version of CDP to use for 146.0.3856.109. You may need to include a dependency on a specific version of the CDP using something similar to `org.seleniumhq.selenium:selenium-devtools-v86:4.21.0` where the version ("v86") matches the version of the chromium-based browser you're using and the version number of the artifact is the same as Selenium's.
]]></system-err>
  </testcase>
</testsuite>