<?xml version="1.0" encoding="UTF-8"?>
<testng-results ignored="0" total="2" passed="2" failed="0" skipped="0">
  <reporter-output>
  </reporter-output>
  <suite started-at="2026-04-09T10:37:21 IST" name="Surefire suite" finished-at="2026-04-09T10:39:13 IST" duration-ms="112001">
    <groups>
      <group name="cucumber">
        <method signature="AbstractTestNGCucumberTests.runScenario(io.cucumber.testng.PickleWrapper,io.cucumber.testng.FeatureWrapper)[pri:0, instance:runners.TestRunner@41fbdac4]" name="runScenario" class="io.cucumber.testng.AbstractTestNGCucumberTests"/>
      </group> <!-- cucumber -->
    </groups>
    <test started-at="2026-04-09T10:37:21 IST" name="Surefire test" finished-at="2026-04-09T10:39:13 IST" duration-ms="112001">
      <class name="runners.TestRunner">
        <test-method is-config="true" signature="setUpClass(org.testng.ITestContext)[pri:0, instance:runners.TestRunner@41fbdac4]" started-at="2026-04-09T10:37:21 IST" name="setUpClass" finished-at="2026-04-09T10:37:22 IST" duration-ms="806" status="PASS">
          <params>
            <param index="0">
              <value>
                <![CDATA[org.testng.TestRunner@59d5a6fd]]>
              </value>
            </param>
          </params>
          <reporter-output>
          </reporter-output>
        </test-method> <!-- setUpClass -->
        <test-method signature="runScenario(io.cucumber.testng.PickleWrapper,io.cucumber.testng.FeatureWrapper)[pri:0, instance:runners.TestRunner@41fbdac4]" started-at="2026-04-09T10:37:22 IST" name="runScenario" description="Runs Cucumber Scenarios" data-provider="scenarios" finished-at="2026-04-09T10:38:15 IST" duration-ms="52923" status="PASS">
          <params>
            <param index="0">
              <value>
                <![CDATA["Search products from Excel"]]>
              </value>
            </param>
            <param index="1">
              <value>
                <![CDATA["Search functionality"]]>
              </value>
            </param>
          </params>
          <reporter-output>
          </reporter-output>
        </test-method> <!-- runScenario -->
        <test-method signature="runScenario(io.cucumber.testng.PickleWrapper,io.cucumber.testng.FeatureWrapper)[pri:0, instance:runners.TestRunner@41fbdac4]" started-at="2026-04-09T10:38:15 IST" name="runScenario" description="Runs Cucumber Scenarios" data-provider="scenarios" finished-at="2026-04-09T10:39:13 IST" duration-ms="58138" status="PASS">
          <params>
            <param index="0">
              <value>
                <![CDATA["Add products from Excel"]]>
              </value>
            </param>
            <param index="1">
              <value>
                <![CDATA["Kids Fashion Cart Flow"]]>
              </value>
            </param>
          </params>
          <reporter-output>
          </reporter-output>
        </test-method> <!-- runScenario -->
        <test-method is-config="true" signature="tearDownClass()[pri:0, instance:runners.TestRunner@41fbdac4]" started-at="2026-04-09T10:39:13 IST" name="tearDownClass" finished-at="2026-04-09T10:39:13 IST" duration-ms="78" status="PASS">
          <reporter-output>
          </reporter-output>
        </test-method> <!-- tearDownClass -->
      </class> <!-- runners.TestRunner -->
    </test> <!-- Surefire test -->
  </suite> <!-- Surefire suite -->
</testng-results>
