<?xml version="1.0" encoding="UTF-8"?>
<!-- Generated by org.testng.reporters.JUnitXMLReporter -->
<testsuite ignored="6" hostname="VYSHNAVI" failures="0" tests="2" name="groupingtest" time="0.055" errors="0" timestamp="2026-02-18T12:10:31 IST">
  <testcase classname="day23Dependency.Paymentstest" name="paybyrupee" time="0.01"/>
  <testcase classname="day23Dependency.Paymentstest" name="payDoller" time="0.001"/>
  <testcase classname="day23Dependency.LoginTests" name="loginface" time="0.0">
    <ignored/>
  </testcase> <!-- loginface -->
  <testcase classname="day23Dependency.LoginTests" name="loginByEmail" time="0.0">
    <ignored/>
  </testcase> <!-- loginByEmail -->
  <testcase classname="day23Dependency.SignUptest" name="signface" time="0.0">
    <ignored/>
  </testcase> <!-- signface -->
  <testcase classname="day23Dependency.SignUptest" name="signupemail" time="0.0">
    <ignored/>
  </testcase> <!-- signupemail -->
  <testcase classname="day23Dependency.SignUptest" name="signuptwitter" time="0.0">
    <ignored/>
  </testcase> <!-- signuptwitter -->
  <testcase classname="day23Dependency.LoginTests" name="loginbyTwitter" time="0.0">
    <ignored/>
  </testcase> <!-- loginbyTwitter -->
</testsuite> <!-- groupingtest -->
