<?xml version="1.0" encoding="UTF-8"?>
<!-- Generated by org.testng.reporters.JUnitXMLReporter -->
<testsuite ignored="0" hostname="VYSHNAVI" failures="1" tests="2" name="Test" time="0.45" errors="0" timestamp="2026-02-27T12:27:14 IST">
  <testcase classname="day25listeners.Orangehrmtest" name="@AfterClass teardown" time="0.007">
    <failure type="java.lang.NullPointerException" message="Cannot invoke &amp;quot;org.openqa.selenium.WebDriver.quit()&amp;quot; because &amp;quot;this.driver&amp;quot; is null">
      <![CDATA[java.lang.NullPointerException: Cannot invoke "org.openqa.selenium.WebDriver.quit()" because "this.driver" is null
at day25listeners.Orangehrmtest.teardown(Orangehrmtest.java:33)
at java.base/java.util.ArrayList.forEach(ArrayList.java:1597)
... Removed 24 stack frames]]>
    </failure>
  </testcase> <!-- @AfterClass teardown -->
  <testcase classname="day25listeners.Orangehrmtest" name="testAppurl" time="0.018">
    <failure type="java.lang.NullPointerException" message="Cannot invoke &amp;quot;org.openqa.selenium.WebDriver.getCurrentUrl()&amp;quot; because &amp;quot;this.driver&amp;quot; is null">
      <![CDATA[java.lang.NullPointerException: Cannot invoke "org.openqa.selenium.WebDriver.getCurrentUrl()" because "this.driver" is null
at day25listeners.Orangehrmtest.testAppurl(Orangehrmtest.java:22)
at java.base/java.util.ArrayList.forEach(ArrayList.java:1597)
... Removed 25 stack frames]]>
    </failure>
  </testcase> <!-- testAppurl -->
  <testcase classname="day25listeners.Orangehrmtest" name="testhomepagetitle" time="0.0">
    <skipped/>
  </testcase> <!-- testhomepagetitle -->
</testsuite> <!-- Test -->
