<?xml version="1.0" encoding="UTF-8"?>
<!-- Generated by org.testng.reporters.JUnitReportReporter -->
<testsuite hostname="VYSHNAVI" failures="0" tests="2" name="day22testannotation.Allannotations" time="0.010" errors="0" timestamp="2026-02-17T21:38:54 IST" skipped="0">
  <testcase classname="day22testannotation.Allannotations" name="tm2" time="0.008"/>
  <testcase classname="day22testannotation.Allannotations" name="tm1" time="0.002"/>
</testsuite> <!-- day22testannotation.Allannotations -->
