<?xml version="1.0" encoding="UTF-8"?>
<!-- Generated by org.testng.reporters.JUnitReportReporter -->
<testsuite hostname="VYSHNAVI" failures="0" tests="3" name="day23Dependency.SignUptest" time="0.009" errors="0" timestamp="2026-02-18T12:08:28 IST" skipped="0">
  <testcase classname="day23Dependency.SignUptest" name="signupemail" time="0.001"/>
  <testcase classname="day23Dependency.SignUptest" name="signface" time="0.005"/>
  <testcase classname="day23Dependency.SignUptest" name="signuptwitter" time="0.003"/>
</testsuite> <!-- day23Dependency.SignUptest -->
