<?xml version="1.0" encoding="UTF-8"?>
<!-- Generated by org.testng.reporters.JUnitReportReporter -->
<testsuite hostname="VYSHNAVI" failures="0" tests="3" name="day21testn.Firsttestcase" time="0.009" errors="0" timestamp="2026-02-23T09:43:41 IST" skipped="0">
  <testcase classname="day21testn.Firsttestcase" name="openapp" time="0.002"/>
  <testcase classname="day21testn.Firsttestcase" name="login" time="0.003"/>
  <testcase classname="day21testn.Firsttestcase" name="logout" time="0.004"/>
</testsuite> <!-- day21testn.Firsttestcase -->
