<?xml version="1.0" encoding="UTF-8"?>
<!-- Generated by org.testng.reporters.JUnitReportReporter -->
<testsuite hostname="VYSHNAVI" failures="0" tests="2" name="day22testannotation.Annotaiondemo2" time="0.007" errors="0" timestamp="2026-02-17T20:49:32 IST" skipped="0">
  <testcase classname="day22testannotation.Annotaiondemo2" name="search" time="0.005"/>
  <testcase classname="day22testannotation.Annotaiondemo2" name="advancedsearch" time="0.002"/>
</testsuite> <!-- day22testannotation.Annotaiondemo2 -->
