<?xml version="1.0" encoding="UTF-8"?>
<!-- Generated by org.testng.reporters.JUnitReportReporter -->
<testsuite hostname="VYSHNAVI" failures="0" tests="2" name="day22testannotation.Annotationdemo1" time="0.018" errors="0" timestamp="2026-02-17T20:40:47 IST" skipped="0">
  <testcase classname="day22testannotation.Annotationdemo1" name="search" time="0.014"/>
  <testcase classname="day22testannotation.Annotationdemo1" name="advancedsearch" time="0.004"/>
</testsuite> <!-- day22testannotation.Annotationdemo1 -->
