<?xml version="1.0" encoding="UTF-8"?>
<!-- Generated by org.testng.reporters.JUnitReportReporter -->
<testsuite hostname="VYSHNAVI" failures="0" tests="3" name="day23Dependency.LoginTests" time="0.016" errors="0" timestamp="2026-02-18T12:08:28 IST" skipped="0">
  <testcase classname="day23Dependency.LoginTests" name="loginByEmail" time="0.011"/>
  <testcase classname="day23Dependency.LoginTests" name="loginface" time="0.003"/>
  <testcase classname="day23Dependency.LoginTests" name="loginbyTwitter" time="0.002"/>
</testsuite> <!-- day23Dependency.LoginTests -->
