<?xml version="1.0" encoding="UTF-8"?>
<!-- Generated by org.testng.reporters.JUnitXMLReporter -->
<testsuite ignored="0" hostname="RISHII" failures="0" tests="2" name="Surefire test" time="112.001" errors="0" timestamp="2026-04-09T10:39:13 IST">
  <testcase classname="io.cucumber.testng.AbstractTestNGCucumberTests" name="runScenario" time="52.923"/>
  <testcase classname="io.cucumber.testng.AbstractTestNGCucumberTests" name="runScenario" time="58.138"/>
</testsuite> <!-- Surefire test -->
